<?xml version="1.0" encoding="UTF-8"?>
<testng-results ignored="0" total="1" passed="1" failed="0" skipped="0">
  <reporter-output>
    <line>
      <![CDATA[Chrome browser opened....]]>
    </line>
    <line>
      <![CDATA[Google url opened....]]>
    </line>
    <line>
      <![CDATA[india gate key entered....]]>
    </line>
    <line>
      <![CDATA[Enter key passed....]]>
    </line>
  </reporter-output>
  <suite started-at="2024-05-22T00:02:27 IST" name="Default suite" finished-at="2024-05-22T00:02:37 IST" duration-ms="10052">
    <groups>
    </groups>
    <test started-at="2024-05-22T00:02:27 IST" name="Default test" finished-at="2024-05-22T00:02:37 IST" duration-ms="10052">
      <class name="testNGReportDemo.TestngReoprtExe2">
        <test-method signature="googleSearch()[pri:0, instance:testNGReportDemo.TestngReoprtExe2@367ffa75]" started-at="2024-05-22T00:02:27 IST" name="googleSearch" finished-at="2024-05-22T00:02:37 IST" duration-ms="9952" status="PASS">
          <reporter-output>
            <line>
              <![CDATA[Chrome browser opened....]]>
            </line>
            <line>
              <![CDATA[Google url opened....]]>
            </line>
            <line>
              <![CDATA[india gate key entered....]]>
            </line>
            <line>
              <![CDATA[Enter key passed....]]>
            </line>
          </reporter-output>
        </test-method> <!-- googleSearch -->
      </class> <!-- testNGReportDemo.TestngReoprtExe2 -->
    </test> <!-- Default test -->
  </suite> <!-- Default suite -->
</testng-results>
