<?xml version="1.0" encoding="UTF-8"?>
<!-- Generated by org.testng.reporters.JUnitXMLReporter -->
<testsuite ignored="0" hostname="DESKTOP-TAV04US" failures="2" tests="3" name="Test" time="0.101" errors="0" timestamp="2024-05-20T10:55:51 IST">
  <testcase classname="RetryTestCases.TestCases" name="TestCase01" time="0.032">
    <failure type="java.lang.AssertionError" message="expected [true] but found [false]">
      <![CDATA[java.lang.AssertionError: expected [true] but found [false]
at RetryTestCases.TestCases.TestCase01(TestCases.java:10)
at java.base/java.util.ArrayList.forEach(ArrayList.java:1511)
... Removed 29 stack frames]]>
    </failure>
  </testcase> <!-- TestCase01 -->
  <testcase classname="RetryTestCases.TestCases" name="TestCase02" time="0.002">
    <failure type="java.lang.AssertionError" message="expected [true] but found [false]">
      <![CDATA[java.lang.AssertionError: expected [true] but found [false]
at RetryTestCases.TestCases.TestCase02(TestCases.java:15)
at java.base/java.util.ArrayList.forEach(ArrayList.java:1511)
... Removed 29 stack frames]]>
    </failure>
  </testcase> <!-- TestCase02 -->
  <testcase classname="RetryTestCases.TestCases" name="TestCase03" time="0.003"/>
</testsuite> <!-- Test -->
